<?xml version="1.0" encoding="UTF-8"?>
<testng-results skipped="0" failed="0" total="2" passed="2">
  <reporter-output>
  </reporter-output>
  <suite name="com.ud.testclasses.UdTest" duration-ms="20" started-at="2014-11-10T11:28:57Z" finished-at="2014-11-10T11:28:57Z">
    <groups>
    </groups>
    <test name="Command line test" duration-ms="20" started-at="2014-11-10T11:28:57Z" finished-at="2014-11-10T11:28:57Z">
      <class name="com.ud.testclasses.UdTest">
        <test-method status="PASS" signature="test()[pri:0, instance:com.ud.testclasses.UdTest@7fd3510d]" name="test" duration-ms="20" started-at="2014-11-10T16:58:57Z" finished-at="2014-11-10T16:58:57Z">
          <reporter-output>
          </reporter-output>
        </test-method> <!-- test -->
        <test-method status="PASS" signature="test4()[pri:0, instance:com.ud.testclasses.UdTest@7fd3510d]" name="test4" duration-ms="0" started-at="2014-11-10T16:58:57Z" finished-at="2014-11-10T16:58:57Z">
          <reporter-output>
          </reporter-output>
        </test-method> <!-- test4 -->
      </class> <!-- com.ud.testclasses.UdTest -->
    </test> <!-- Command line test -->
  </suite> <!-- com.ud.testclasses.UdTest -->
</testng-results>
