<?xml version="1.0" encoding="UTF-8"?>
<testng-results skipped="0" failed="0" total="3" passed="3">
  <reporter-output>
  </reporter-output>
  <suite name="ff" duration-ms="30" started-at="2014-11-10T11:26:46Z" finished-at="2014-11-10T11:26:46Z">
    <groups>
    </groups>
    <test name="vv" duration-ms="30" started-at="2014-11-10T11:26:46Z" finished-at="2014-11-10T11:26:46Z">
      <class name="com.ud.testclasses.UdTest">
        <test-method status="PASS" signature="test()[pri:0, instance:com.ud.testclasses.UdTest@6ed2a49d]" name="test" duration-ms="10" started-at="2014-11-10T16:56:46Z" finished-at="2014-11-10T16:56:46Z">
          <reporter-output>
          </reporter-output>
        </test-method> <!-- test -->
        <test-method status="PASS" signature="test4()[pri:0, instance:com.ud.testclasses.UdTest@6ed2a49d]" name="test4" duration-ms="0" started-at="2014-11-10T16:56:46Z" finished-at="2014-11-10T16:56:46Z">
          <reporter-output>
          </reporter-output>
        </test-method> <!-- test4 -->
      </class> <!-- com.ud.testclasses.UdTest -->
      <class name="com.ud.testclasses.UdTest22">
        <test-method status="PASS" signature="test22()[pri:0, instance:com.ud.testclasses.UdTest22@3c5ebd39]" name="test22" duration-ms="0" started-at="2014-11-10T16:56:46Z" finished-at="2014-11-10T16:56:46Z">
          <reporter-output>
          </reporter-output>
        </test-method> <!-- test22 -->
      </class> <!-- com.ud.testclasses.UdTest22 -->
    </test> <!-- vv -->
  </suite> <!-- ff -->
</testng-results>
